<?xml version="1.0" encoding="UTF-8"?>
<coverage generated="1762631921592" clover="3.2.0">
  <project timestamp="1762631921592" name="All files">
    <metrics statements="137" coveredstatements="123" conditionals="74" coveredconditionals="46" methods="25" coveredmethods="21" elements="236" coveredelements="190" complexity="0" loc="137" ncloc="137" packages="5" files="6" classes="6"/>
    <package name="src">
      <metrics statements="4" coveredstatements="4" conditionals="0" coveredconditionals="0" methods="3" coveredmethods="1"/>
      <file name="index.ts" path="/home/alahaxe/projects/body-highlighter/src/index.ts">
        <metrics statements="4" coveredstatements="4" conditionals="0" coveredconditionals="0" methods="3" coveredmethods="1"/>
        <line num="1" count="1" type="stmt"/>
        <line num="2" count="1" type="stmt"/>
        <line num="3" count="4" type="stmt"/>
        <line num="4" count="1" type="stmt"/>
      </file>
    </package>
    <package name="src.assets">
      <metrics statements="3" coveredstatements="3" conditionals="0" coveredconditionals="0" methods="0" coveredmethods="0"/>
      <file name="index.ts" path="/home/alahaxe/projects/body-highlighter/src/assets/index.ts">
        <metrics statements="3" coveredstatements="3" conditionals="0" coveredconditionals="0" methods="0" coveredmethods="0"/>
        <line num="1" count="1" type="stmt"/>
        <line num="7" count="1" type="stmt"/>
        <line num="120" count="1" type="stmt"/>
      </file>
    </package>
    <package name="src.component">
      <metrics statements="89" coveredstatements="77" conditionals="57" coveredconditionals="32" methods="16" coveredmethods="14"/>
      <file name="BodyHighlighter.ts" path="/home/alahaxe/projects/body-highlighter/src/component/BodyHighlighter.ts">
        <metrics statements="87" coveredstatements="75" conditionals="57" coveredconditionals="32" methods="16" coveredmethods="14"/>
        <line num="1" count="1" type="stmt"/>
        <line num="3" count="1" type="stmt"/>
        <line num="4" count="1" type="stmt"/>
        <line num="5" count="1" type="stmt"/>
        <line num="7" count="1" type="stmt"/>
        <line num="8" count="1" type="stmt"/>
        <line num="16" count="1" type="stmt"/>
        <line num="17" count="0" type="stmt"/>
        <line num="19" count="1" type="stmt"/>
        <line num="20" count="8" type="stmt"/>
        <line num="22" count="8" type="cond" truecount="1" falsecount="0"/>
        <line num="23" count="8" type="stmt"/>
        <line num="26" count="0" type="stmt"/>
        <line num="27" count="0" type="cond" truecount="0" falsecount="1"/>
        <line num="29" count="0" type="stmt"/>
        <line num="33" count="1" type="stmt"/>
        <line num="34" count="7" type="stmt"/>
        <line num="35" count="132" type="stmt"/>
        <line num="38" count="7" type="stmt"/>
        <line num="39" count="132" type="stmt"/>
        <line num="43" count="3" type="cond" truecount="0" falsecount="1"/>
        <line num="55" count="4" type="cond" truecount="1" falsecount="1"/>
        <line num="57" count="1" type="stmt"/>
        <line num="64" count="132" type="stmt"/>
        <line num="65" count="132" type="stmt"/>
        <line num="66" count="132" type="stmt"/>
        <line num="67" count="132" type="stmt"/>
        <line num="69" count="132" type="cond" truecount="3" falsecount="0"/>
        <line num="70" count="33" type="stmt"/>
        <line num="71" count="1" type="stmt"/>
        <line num="75" count="132" type="stmt"/>
        <line num="78" count="1" type="stmt"/>
        <line num="79" count="3" type="stmt"/>
        <line num="81" count="3" type="stmt"/>
        <line num="82" count="3" type="cond" truecount="1" falsecount="1"/>
        <line num="84" count="3" type="stmt"/>
        <line num="85" count="3" type="stmt"/>
        <line num="86" count="3" type="stmt"/>
        <line num="87" count="3" type="stmt"/>
        <line num="88" count="3" type="stmt"/>
        <line num="90" count="3" type="stmt"/>
        <line num="91" count="4" type="stmt"/>
        <line num="92" count="4" type="stmt"/>
        <line num="94" count="4" type="stmt"/>
        <line num="95" count="52" type="stmt"/>
        <line num="96" count="132" type="stmt"/>
        <line num="106" count="4" type="stmt"/>
        <line num="109" count="3" type="stmt"/>
        <line num="110" count="3" type="cond" truecount="1" falsecount="0"/>
        <line num="111" count="1" type="cond" truecount="1" falsecount="0"/>
        <line num="112" count="1" type="stmt"/>
        <line num="116" count="3" type="stmt"/>
        <line num="117" count="4" type="stmt"/>
        <line num="118" count="4" type="stmt"/>
        <line num="121" count="3" type="stmt"/>
        <line num="122" count="3" type="stmt"/>
        <line num="123" count="3" type="stmt"/>
        <line num="124" count="3" type="stmt"/>
        <line num="126" count="3" type="stmt"/>
        <line num="127" count="1" type="cond" truecount="0" falsecount="1"/>
        <line num="129" count="1" type="cond" truecount="0" falsecount="1"/>
        <line num="130" count="1" type="cond" truecount="1" falsecount="0"/>
        <line num="131" count="1" type="cond" truecount="1" falsecount="0"/>
        <line num="132" count="1" type="cond" truecount="1" falsecount="1"/>
        <line num="133" count="1" type="cond" truecount="0" falsecount="1"/>
        <line num="134" count="1" type="cond" truecount="0" falsecount="1"/>
        <line num="135" count="0" type="stmt"/>
        <line num="137" count="0" type="cond" truecount="0" falsecount="2"/>
        <line num="138" count="0" type="stmt"/>
        <line num="139" count="0" type="cond" truecount="0" falsecount="1"/>
        <line num="140" count="0" type="stmt"/>
        <line num="143" count="1" type="cond" truecount="0" falsecount="1"/>
        <line num="144" count="0" type="cond" truecount="0" falsecount="4"/>
        <line num="145" count="0" type="cond" truecount="0" falsecount="2"/>
        <line num="147" count="1" type="cond" truecount="0" falsecount="1"/>
        <line num="148" count="1" type="cond" truecount="0" falsecount="1"/>
        <line num="149" count="1" type="cond" truecount="0" falsecount="1"/>
        <line num="151" count="1" type="stmt"/>
        <line num="152" count="1" type="stmt"/>
        <line num="153" count="1" type="cond" truecount="0" falsecount="1"/>
        <line num="154" count="0" type="stmt"/>
        <line num="158" count="3" type="stmt"/>
        <line num="159" count="3" type="stmt"/>
        <line num="160" count="3" type="cond" truecount="1" falsecount="0"/>
        <line num="161" count="1" type="stmt"/>
        <line num="165" count="3" type="stmt"/>
        <line num="172" count="1" type="stmt"/>
      </file>
      <file name="metadata.ts" path="/home/alahaxe/projects/body-highlighter/src/component/metadata.ts">
        <metrics statements="2" coveredstatements="2" conditionals="0" coveredconditionals="0" methods="0" coveredmethods="0"/>
        <line num="1" count="2" type="stmt"/>
        <line num="28" count="2" type="stmt"/>
      </file>
    </package>
    <package name="src.constants">
      <metrics statements="6" coveredstatements="6" conditionals="0" coveredconditionals="0" methods="0" coveredmethods="0"/>
      <file name="index.ts" path="/home/alahaxe/projects/body-highlighter/src/constants/index.ts">
        <metrics statements="6" coveredstatements="6" conditionals="0" coveredconditionals="0" methods="0" coveredmethods="0"/>
        <line num="1" count="2" type="stmt"/>
        <line num="3" count="2" type="stmt"/>
        <line num="28" count="2" type="stmt"/>
        <line num="72" count="2" type="stmt"/>
        <line num="73" count="2" type="stmt"/>
        <line num="75" count="2" type="stmt"/>
      </file>
    </package>
    <package name="src.utils">
      <metrics statements="35" coveredstatements="33" conditionals="17" coveredconditionals="14" methods="6" coveredmethods="6"/>
      <file name="index.ts" path="/home/alahaxe/projects/body-highlighter/src/utils/index.ts">
        <metrics statements="35" coveredstatements="33" conditionals="17" coveredconditionals="14" methods="6" coveredmethods="6"/>
        <line num="1" count="2" type="stmt"/>
        <line num="2" count="2" type="stmt"/>
        <line num="7" count="2" type="stmt"/>
        <line num="8" count="135" type="cond" truecount="2" falsecount="0"/>
        <line num="11" count="2" type="stmt"/>
        <line num="13" count="2" type="stmt"/>
        <line num="14" count="13" type="cond" truecount="1" falsecount="0"/>
        <line num="15" count="7" type="stmt"/>
        <line num="18" count="6" type="cond" truecount="0" falsecount="1"/>
        <line num="19" count="0" type="stmt"/>
        <line num="22" count="6" type="stmt"/>
        <line num="24" count="6" type="cond" truecount="0" falsecount="1"/>
        <line num="25" count="0" type="stmt"/>
        <line num="28" count="6" type="stmt"/>
        <line num="29" count="6" type="cond" truecount="1" falsecount="0"/>
        <line num="30" count="3" type="stmt"/>
        <line num="33" count="3" type="cond" truecount="1" falsecount="0"/>
        <line num="34" count="1" type="stmt"/>
        <line num="37" count="2" type="stmt"/>
        <line num="40" count="2" type="stmt"/>
        <line num="41" count="5" type="stmt"/>
        <line num="47" count="2" type="stmt"/>
        <line num="52" count="135" type="cond" truecount="3" falsecount="1"/>
        <line num="54" count="135" type="cond" truecount="3" falsecount="0"/>
        <line num="55" count="129" type="stmt"/>
        <line num="58" count="6" type="stmt"/>
        <line num="64" count="2" type="stmt"/>
        <line num="65" count="5" type="stmt"/>
        <line num="66" count="6" type="stmt"/>
        <line num="67" count="8" type="stmt"/>
        <line num="69" count="8" type="cond" truecount="1" falsecount="0"/>
        <line num="70" count="1" type="stmt"/>
        <line num="73" count="7" type="stmt"/>
        <line num="74" count="7" type="cond" truecount="2" falsecount="0"/>
        <line num="77" count="6" type="stmt"/>
      </file>
    </package>
  </project>
</coverage>
