{"/home/alahaxe/projects/body-highlighter/src/index.ts": {"path":"/home/alahaxe/projects/body-highlighter/src/index.ts","statementMap":{},"fnMap":{},"branchMap":{},"s":{},"f":{},"b":{},"meta":{"lastBranch":0,"lastFunction":0,"lastStatement":0,"seen":{}}}
,"/home/alahaxe/projects/body-highlighter/src/assets/index.ts": {"path":"/home/alahaxe/projects/body-highlighter/src/assets/index.ts","statementMap":{"0":{"start":{"line":7,"column":45},"end":{"line":118,"column":null}},"1":{"start":{"line":120,"column":46},"end":{"line":236,"column":null}}},"fnMap":{},"branchMap":{},"s":{"0":1,"1":1},"f":{},"b":{},"meta":{"lastBranch":0,"lastFunction":0,"lastStatement":2,"seen":{"s:7:45:118:Infinity":0,"s:120:46:236:Infinity":1}}}
,"/home/alahaxe/projects/body-highlighter/src/component/BodyHighlighter.ts": {"path":"/home/alahaxe/projects/body-highlighter/src/component/BodyHighlighter.ts","statementMap":{"0":{"start":{"line":7,"column":15},"end":{"line":7,"column":null}},"1":{"start":{"line":8,"column":30},"end":{"line":8,"column":null}},"2":{"start":{"line":16,"column":20},"end":{"line":17,"column":null}},"3":{"start":{"line":17,"column":2},"end":{"line":17,"column":null}},"4":{"start":{"line":17,"column":38},"end":{"line":17,"column":63}},"5":{"start":{"line":19,"column":26},"end":{"line":31,"column":null}},"6":{"start":{"line":20,"column":2},"end":{"line":20,"column":null}},"7":{"start":{"line":22,"column":2},"end":{"line":24,"column":null}},"8":{"start":{"line":23,"column":4},"end":{"line":23,"column":null}},"9":{"start":{"line":26,"column":2},"end":{"line":30,"column":null}},"10":{"start":{"line":27,"column":4},"end":{"line":27,"column":null}},"11":{"start":{"line":27,"column":23},"end":{"line":27,"column":null}},"12":{"start":{"line":29,"column":4},"end":{"line":29,"column":null}},"13":{"start":{"line":33,"column":20},"end":{"line":41,"column":null}},"14":{"start":{"line":34,"column":2},"end":{"line":36,"column":null}},"15":{"start":{"line":35,"column":4},"end":{"line":35,"column":null}},"16":{"start":{"line":38,"column":2},"end":{"line":40,"column":null}},"17":{"start":{"line":39,"column":4},"end":{"line":39,"column":null}},"18":{"start":{"line":43,"column":21},"end":{"line":53,"column":null}},"19":{"start":{"line":43,"column":81},"end":{"line":53,"column":null}},"20":{"start":{"line":55,"column":22},"end":{"line":55,"column":null}},"21":{"start":{"line":55,"column":44},"end":{"line":55,"column":null}},"22":{"start":{"line":57,"column":21},"end":{"line":76,"column":null}},"23":{"start":{"line":64,"column":18},"end":{"line":64,"column":null}},"24":{"start":{"line":65,"column":2},"end":{"line":65,"column":null}},"25":{"start":{"line":66,"column":2},"end":{"line":66,"column":null}},"26":{"start":{"line":67,"column":2},"end":{"line":67,"column":null}},"27":{"start":{"line":69,"column":2},"end":{"line":73,"column":null}},"28":{"start":{"line":70,"column":4},"end":{"line":72,"column":null}},"29":{"start":{"line":71,"column":6},"end":{"line":71,"column":null}},"30":{"start":{"line":75,"column":2},"end":{"line":75,"column":null}},"31":{"start":{"line":78,"column":37},"end":{"line":170,"column":null}},"32":{"start":{"line":79,"column":16},"end":{"line":79,"column":null}},"33":{"start":{"line":81,"column":18},"end":{"line":81,"column":null}},"34":{"start":{"line":82,"column":2},"end":{"line":82,"column":null}},"35":{"start":{"line":84,"column":14},"end":{"line":84,"column":null}},"36":{"start":{"line":85,"column":2},"end":{"line":85,"column":null}},"37":{"start":{"line":86,"column":2},"end":{"line":86,"column":null}},"38":{"start":{"line":87,"column":2},"end":{"line":87,"column":null}},"39":{"start":{"line":88,"column":2},"end":{"line":88,"column":null}},"40":{"start":{"line":90,"column":17},"end":{"line":107,"column":null}},"41":{"start":{"line":91,"column":10},"end":{"line":91,"column":null}},"42":{"start":{"line":92,"column":22},"end":{"line":92,"column":null}},"43":{"start":{"line":94,"column":21},"end":{"line":104,"column":null}},"44":{"start":{"line":95,"column":6},"end":{"line":103,"column":null}},"45":{"start":{"line":96,"column":8},"end":{"line":102,"column":null}},"46":{"start":{"line":106,"column":4},"end":{"line":106,"column":null}},"47":{"start":{"line":109,"column":28},"end":{"line":114,"column":null}},"48":{"start":{"line":110,"column":4},"end":{"line":110,"column":null}},"49":{"start":{"line":110,"column":26},"end":{"line":110,"column":null}},"50":{"start":{"line":111,"column":4},"end":{"line":113,"column":null}},"51":{"start":{"line":112,"column":6},"end":{"line":112,"column":null}},"52":{"start":{"line":116,"column":28},"end":{"line":119,"column":null}},"53":{"start":{"line":117,"column":4},"end":{"line":117,"column":null}},"54":{"start":{"line":118,"column":4},"end":{"line":118,"column":null}},"55":{"start":{"line":121,"column":2},"end":{"line":121,"column":null}},"56":{"start":{"line":122,"column":2},"end":{"line":122,"column":null}},"57":{"start":{"line":123,"column":2},"end":{"line":123,"column":null}},"58":{"start":{"line":124,"column":2},"end":{"line":124,"column":null}},"59":{"start":{"line":126,"column":17},"end":{"line":156,"column":null}},"60":{"start":{"line":127,"column":4},"end":{"line":127,"column":null}},"61":{"start":{"line":127,"column":16},"end":{"line":127,"column":null}},"62":{"start":{"line":129,"column":4},"end":{"line":129,"column":null}},"63":{"start":{"line":129,"column":39},"end":{"line":129,"column":null}},"64":{"start":{"line":130,"column":4},"end":{"line":130,"column":null}},"65":{"start":{"line":130,"column":34},"end":{"line":130,"column":null}},"66":{"start":{"line":131,"column":4},"end":{"line":132,"column":null}},"67":{"start":{"line":132,"column":6},"end":{"line":132,"column":null}},"68":{"start":{"line":133,"column":4},"end":{"line":133,"column":null}},"69":{"start":{"line":133,"column":37},"end":{"line":133,"column":null}},"70":{"start":{"line":134,"column":4},"end":{"line":142,"column":null}},"71":{"start":{"line":135,"column":6},"end":{"line":135,"column":null}},"72":{"start":{"line":137,"column":6},"end":{"line":141,"column":null}},"73":{"start":{"line":138,"column":8},"end":{"line":138,"column":null}},"74":{"start":{"line":139,"column":6},"end":{"line":141,"column":null}},"75":{"start":{"line":140,"column":8},"end":{"line":140,"column":null}},"76":{"start":{"line":143,"column":4},"end":{"line":146,"column":null}},"77":{"start":{"line":144,"column":6},"end":{"line":144,"column":null}},"78":{"start":{"line":145,"column":6},"end":{"line":145,"column":null}},"79":{"start":{"line":147,"column":4},"end":{"line":147,"column":null}},"80":{"start":{"line":147,"column":35},"end":{"line":147,"column":null}},"81":{"start":{"line":148,"column":4},"end":{"line":148,"column":null}},"82":{"start":{"line":148,"column":38},"end":{"line":148,"column":null}},"83":{"start":{"line":149,"column":4},"end":{"line":149,"column":null}},"84":{"start":{"line":149,"column":34},"end":{"line":149,"column":null}},"85":{"start":{"line":151,"column":4},"end":{"line":151,"column":null}},"86":{"start":{"line":152,"column":4},"end":{"line":152,"column":null}},"87":{"start":{"line":153,"column":4},"end":{"line":155,"column":null}},"88":{"start":{"line":154,"column":6},"end":{"line":154,"column":null}},"89":{"start":{"line":158,"column":18},"end":{"line":163,"column":null}},"90":{"start":{"line":159,"column":4},"end":{"line":159,"column":null}},"91":{"start":{"line":160,"column":4},"end":{"line":162,"column":null}},"92":{"start":{"line":161,"column":6},"end":{"line":161,"column":null}},"93":{"start":{"line":165,"column":2},"end":{"line":169,"column":null}}},"fnMap":{"0":{"name":"(anonymous_0)","decl":{"start":{"line":16,"column":20},"end":{"line":16,"column":21}},"loc":{"start":{"line":17,"column":2},"end":{"line":17,"column":null}},"line":17},"1":{"name":"(anonymous_1)","decl":{"start":{"line":17,"column":29},"end":{"line":17,"column":38}},"loc":{"start":{"line":17,"column":38},"end":{"line":17,"column":63}},"line":17},"2":{"name":"(anonymous_2)","decl":{"start":{"line":19,"column":26},"end":{"line":19,"column":27}},"loc":{"start":{"line":19,"column":86},"end":{"line":31,"column":null}},"line":19},"3":{"name":"(anonymous_3)","decl":{"start":{"line":33,"column":20},"end":{"line":33,"column":21}},"loc":{"start":{"line":33,"column":56},"end":{"line":41,"column":null}},"line":33},"4":{"name":"(anonymous_4)","decl":{"start":{"line":43,"column":21},"end":{"line":43,"column":22}},"loc":{"start":{"line":43,"column":81},"end":{"line":53,"column":null}},"line":43},"5":{"name":"(anonymous_5)","decl":{"start":{"line":55,"column":22},"end":{"line":55,"column":23}},"loc":{"start":{"line":55,"column":44},"end":{"line":55,"column":null}},"line":55},"6":{"name":"(anonymous_6)","decl":{"start":{"line":57,"column":21},"end":{"line":57,"column":null}},"loc":{"start":{"line":63,"column":5},"end":{"line":76,"column":null}},"line":63},"7":{"name":"(anonymous_7)","decl":{"start":{"line":70,"column":38},"end":{"line":70,"column":44}},"loc":{"start":{"line":70,"column":44},"end":{"line":72,"column":5}},"line":70},"8":{"name":"(anonymous_8)","decl":{"start":{"line":78,"column":37},"end":{"line":78,"column":38}},"loc":{"start":{"line":78,"column":100},"end":{"line":170,"column":null}},"line":78},"9":{"name":"(anonymous_9)","decl":{"start":{"line":90,"column":17},"end":{"line":90,"column":23}},"loc":{"start":{"line":90,"column":23},"end":{"line":107,"column":null}},"line":90},"10":{"name":"(anonymous_10)","decl":{"start":{"line":94,"column":39},"end":{"line":94,"column":null}},"loc":{"start":{"line":95,"column":6},"end":{"line":103,"column":null}},"line":95},"11":{"name":"(anonymous_11)","decl":{"start":{"line":95,"column":25},"end":{"line":95,"column":null}},"loc":{"start":{"line":96,"column":8},"end":{"line":102,"column":null}},"line":96},"12":{"name":"(anonymous_12)","decl":{"start":{"line":109,"column":28},"end":{"line":109,"column":34}},"loc":{"start":{"line":109,"column":34},"end":{"line":114,"column":null}},"line":109},"13":{"name":"(anonymous_13)","decl":{"start":{"line":116,"column":28},"end":{"line":116,"column":34}},"loc":{"start":{"line":116,"column":34},"end":{"line":119,"column":null}},"line":116},"14":{"name":"(anonymous_14)","decl":{"start":{"line":126,"column":17},"end":{"line":126,"column":18}},"loc":{"start":{"line":126,"column":61},"end":{"line":156,"column":null}},"line":126},"15":{"name":"(anonymous_15)","decl":{"start":{"line":158,"column":18},"end":{"line":158,"column":24}},"loc":{"start":{"line":158,"column":24},"end":{"line":163,"column":null}},"line":158}},"branchMap":{"0":{"loc":{"start":{"line":22,"column":2},"end":{"line":24,"column":null}},"type":"if","locations":[{"start":{"line":22,"column":2},"end":{"line":24,"column":null}},{"start":{},"end":{}}],"line":22},"1":{"loc":{"start":{"line":27,"column":4},"end":{"line":27,"column":null}},"type":"if","locations":[{"start":{"line":27,"column":4},"end":{"line":27,"column":null}},{"start":{},"end":{}}],"line":27},"2":{"loc":{"start":{"line":43,"column":22},"end":{"line":43,"column":81}},"type":"default-arg","locations":[{"start":{"line":43,"column":56},"end":{"line":43,"column":81}}],"line":43},"3":{"loc":{"start":{"line":44,"column":13},"end":{"line":44,"column":null}},"type":"binary-expr","locations":[{"start":{"line":44,"column":13},"end":{"line":44,"column":34}},{"start":{"line":44,"column":34},"end":{"line":44,"column":null}}],"line":44},"4":{"loc":{"start":{"line":45,"column":8},"end":{"line":45,"column":null}},"type":"binary-expr","locations":[{"start":{"line":45,"column":8},"end":{"line":45,"column":24}},{"start":{"line":45,"column":24},"end":{"line":45,"column":null}}],"line":45},"5":{"loc":{"start":{"line":46,"column":21},"end":{"line":46,"column":null}},"type":"cond-expr","locations":[{"start":{"line":46,"column":49},"end":{"line":46,"column":82}},{"start":{"line":46,"column":82},"end":{"line":46,"column":null}}],"line":46},"6":{"loc":{"start":{"line":48,"column":13},"end":{"line":48,"column":null}},"type":"binary-expr","locations":[{"start":{"line":48,"column":13},"end":{"line":48,"column":34}},{"start":{"line":48,"column":34},"end":{"line":48,"column":null}}],"line":48},"7":{"loc":{"start":{"line":49,"column":20},"end":{"line":49,"column":null}},"type":"binary-expr","locations":[{"start":{"line":49,"column":20},"end":{"line":49,"column":48}},{"start":{"line":49,"column":48},"end":{"line":49,"column":null}}],"line":49},"8":{"loc":{"start":{"line":52,"column":8},"end":{"line":52,"column":null}},"type":"binary-expr","locations":[{"start":{"line":52,"column":8},"end":{"line":52,"column":24}},{"start":{"line":52,"column":24},"end":{"line":52,"column":null}}],"line":52},"9":{"loc":{"start":{"line":55,"column":44},"end":{"line":55,"column":null}},"type":"cond-expr","locations":[{"start":{"line":55,"column":74},"end":{"line":55,"column":89}},{"start":{"line":55,"column":89},"end":{"line":55,"column":null}}],"line":55},"10":{"loc":{"start":{"line":69,"column":2},"end":{"line":73,"column":null}},"type":"if","locations":[{"start":{"line":69,"column":2},"end":{"line":73,"column":null}},{"start":{},"end":{}}],"line":69},"11":{"loc":{"start":{"line":69,"column":6},"end":{"line":69,"column":29}},"type":"binary-expr","locations":[{"start":{"line":69,"column":6},"end":{"line":69,"column":17}},{"start":{"line":69,"column":17},"end":{"line":69,"column":29}}],"line":69},"12":{"loc":{"start":{"line":82,"column":22},"end":{"line":82,"column":null}},"type":"binary-expr","locations":[{"start":{"line":82,"column":22},"end":{"line":82,"column":48}},{"start":{"line":82,"column":48},"end":{"line":82,"column":null}}],"line":82},"13":{"loc":{"start":{"line":110,"column":4},"end":{"line":110,"column":null}},"type":"if","locations":[{"start":{"line":110,"column":4},"end":{"line":110,"column":null}},{"start":{},"end":{}}],"line":110},"14":{"loc":{"start":{"line":111,"column":4},"end":{"line":113,"column":null}},"type":"if","locations":[{"start":{"line":111,"column":4},"end":{"line":113,"column":null}},{"start":{},"end":{}}],"line":111},"15":{"loc":{"start":{"line":127,"column":4},"end":{"line":127,"column":null}},"type":"if","locations":[{"start":{"line":127,"column":4},"end":{"line":127,"column":null}},{"start":{},"end":{}}],"line":127},"16":{"loc":{"start":{"line":129,"column":4},"end":{"line":129,"column":null}},"type":"if","locations":[{"start":{"line":129,"column":4},"end":{"line":129,"column":null}},{"start":{},"end":{}}],"line":129},"17":{"loc":{"start":{"line":130,"column":4},"end":{"line":130,"column":null}},"type":"if","locations":[{"start":{"line":130,"column":4},"end":{"line":130,"column":null}},{"start":{},"end":{}}],"line":130},"18":{"loc":{"start":{"line":131,"column":4},"end":{"line":132,"column":null}},"type":"if","locations":[{"start":{"line":131,"column":4},"end":{"line":132,"column":null}},{"start":{},"end":{}}],"line":131},"19":{"loc":{"start":{"line":132,"column":32},"end":{"line":132,"column":null}},"type":"cond-expr","locations":[{"start":{"line":132,"column":58},"end":{"line":132,"column":89}},{"start":{"line":132,"column":89},"end":{"line":132,"column":null}}],"line":132},"20":{"loc":{"start":{"line":133,"column":4},"end":{"line":133,"column":null}},"type":"if","locations":[{"start":{"line":133,"column":4},"end":{"line":133,"column":null}},{"start":{},"end":{}}],"line":133},"21":{"loc":{"start":{"line":134,"column":4},"end":{"line":142,"column":null}},"type":"if","locations":[{"start":{"line":134,"column":4},"end":{"line":142,"column":null}},{"start":{},"end":{}}],"line":134},"22":{"loc":{"start":{"line":137,"column":6},"end":{"line":141,"column":null}},"type":"if","locations":[{"start":{"line":137,"column":6},"end":{"line":141,"column":null}},{"start":{"line":139,"column":6},"end":{"line":141,"column":null}}],"line":137},"23":{"loc":{"start":{"line":139,"column":6},"end":{"line":141,"column":null}},"type":"if","locations":[{"start":{"line":139,"column":6},"end":{"line":141,"column":null}},{"start":{},"end":{}}],"line":139},"24":{"loc":{"start":{"line":143,"column":4},"end":{"line":146,"column":null}},"type":"if","locations":[{"start":{"line":143,"column":4},"end":{"line":146,"column":null}},{"start":{},"end":{}}],"line":143},"25":{"loc":{"start":{"line":144,"column":31},"end":{"line":144,"column":null}},"type":"binary-expr","locations":[{"start":{"line":144,"column":31},"end":{"line":144,"column":57}},{"start":{"line":144,"column":57},"end":{"line":144,"column":null}}],"line":144},"26":{"loc":{"start":{"line":145,"column":26},"end":{"line":145,"column":null}},"type":"binary-expr","locations":[{"start":{"line":145,"column":26},"end":{"line":145,"column":52}},{"start":{"line":145,"column":52},"end":{"line":145,"column":null}}],"line":145},"27":{"loc":{"start":{"line":147,"column":4},"end":{"line":147,"column":null}},"type":"if","locations":[{"start":{"line":147,"column":4},"end":{"line":147,"column":null}},{"start":{},"end":{}}],"line":147},"28":{"loc":{"start":{"line":148,"column":4},"end":{"line":148,"column":null}},"type":"if","locations":[{"start":{"line":148,"column":4},"end":{"line":148,"column":null}},{"start":{},"end":{}}],"line":148},"29":{"loc":{"start":{"line":149,"column":4},"end":{"line":149,"column":null}},"type":"if","locations":[{"start":{"line":149,"column":4},"end":{"line":149,"column":null}},{"start":{},"end":{}}],"line":149},"30":{"loc":{"start":{"line":153,"column":4},"end":{"line":155,"column":null}},"type":"if","locations":[{"start":{"line":153,"column":4},"end":{"line":155,"column":null}},{"start":{},"end":{}}],"line":153},"31":{"loc":{"start":{"line":160,"column":4},"end":{"line":162,"column":null}},"type":"if","locations":[{"start":{"line":160,"column":4},"end":{"line":162,"column":null}},{"start":{},"end":{}}],"line":160}},"s":{"0":1,"1":1,"2":1,"3":0,"4":0,"5":1,"6":8,"7":8,"8":8,"9":0,"10":0,"11":0,"12":0,"13":1,"14":7,"15":132,"16":7,"17":132,"18":1,"19":3,"20":1,"21":4,"22":1,"23":132,"24":132,"25":132,"26":132,"27":132,"28":33,"29":1,"30":132,"31":1,"32":3,"33":3,"34":3,"35":3,"36":3,"37":3,"38":3,"39":3,"40":3,"41":4,"42":4,"43":4,"44":52,"45":132,"46":4,"47":3,"48":3,"49":2,"50":1,"51":1,"52":3,"53":4,"54":4,"55":3,"56":3,"57":3,"58":3,"59":3,"60":1,"61":0,"62":1,"63":0,"64":1,"65":1,"66":1,"67":1,"68":1,"69":0,"70":1,"71":0,"72":0,"73":0,"74":0,"75":0,"76":1,"77":0,"78":0,"79":1,"80":0,"81":1,"82":0,"83":1,"84":0,"85":1,"86":1,"87":1,"88":0,"89":3,"90":3,"91":3,"92":1,"93":3},"f":{"0":0,"1":0,"2":8,"3":7,"4":3,"5":4,"6":132,"7":1,"8":3,"9":4,"10":52,"11":132,"12":3,"13":4,"14":1,"15":3},"b":{"0":[8,0],"1":[0,0],"2":[3],"3":[3,2],"4":[3,2],"5":[1,2],"6":[3,2],"7":[3,3],"8":[3,3],"9":[4,0],"10":[33,99],"11":[132,33],"12":[3,0],"13":[2,1],"14":[1,0],"15":[0,1],"16":[0,1],"17":[1,0],"18":[1,0],"19":[1,0],"20":[0,1],"21":[0,1],"22":[0,0],"23":[0,0],"24":[0,1],"25":[0,0],"26":[0,0],"27":[0,1],"28":[0,1],"29":[0,1],"30":[0,1],"31":[1,2]},"meta":{"lastBranch":32,"lastFunction":16,"lastStatement":94,"seen":{"s:7:15:7:Infinity":0,"s:8:30:8:Infinity":1,"s:16:20:17:Infinity":2,"f:16:20:16:21":0,"s:17:2:17:Infinity":3,"f:17:29:17:38":1,"s:17:38:17:63":4,"s:19:26:31:Infinity":5,"f:19:26:19:27":2,"s:20:2:20:Infinity":6,"b:22:2:24:Infinity:undefined:undefined:undefined:undefined":0,"s:22:2:24:Infinity":7,"s:23:4:23:Infinity":8,"s:26:2:30:Infinity":9,"b:27:4:27:Infinity:undefined:undefined:undefined:undefined":1,"s:27:4:27:Infinity":10,"s:27:23:27:Infinity":11,"s:29:4:29:Infinity":12,"s:33:20:41:Infinity":13,"f:33:20:33:21":3,"s:34:2:36:Infinity":14,"s:35:4:35:Infinity":15,"s:38:2:40:Infinity":16,"s:39:4:39:Infinity":17,"s:43:21:53:Infinity":18,"f:43:21:43:22":4,"s:43:81:53:Infinity":19,"b:43:56:43:81":2,"b:44:13:44:34:44:34:44:Infinity":3,"b:45:8:45:24:45:24:45:Infinity":4,"b:46:49:46:82:46:82:46:Infinity":5,"b:48:13:48:34:48:34:48:Infinity":6,"b:49:20:49:48:49:48:49:Infinity":7,"b:52:8:52:24:52:24:52:Infinity":8,"s:55:22:55:Infinity":20,"f:55:22:55:23":5,"s:55:44:55:Infinity":21,"b:55:74:55:89:55:89:55:Infinity":9,"s:57:21:76:Infinity":22,"f:57:21:57:Infinity":6,"s:64:18:64:Infinity":23,"s:65:2:65:Infinity":24,"s:66:2:66:Infinity":25,"s:67:2:67:Infinity":26,"b:69:2:73:Infinity:undefined:undefined:undefined:undefined":10,"s:69:2:73:Infinity":27,"b:69:6:69:17:69:17:69:29":11,"s:70:4:72:Infinity":28,"f:70:38:70:44":7,"s:71:6:71:Infinity":29,"s:75:2:75:Infinity":30,"s:78:37:170:Infinity":31,"f:78:37:78:38":8,"s:79:16:79:Infinity":32,"s:81:18:81:Infinity":33,"s:82:2:82:Infinity":34,"b:82:22:82:48:82:48:82:Infinity":12,"s:84:14:84:Infinity":35,"s:85:2:85:Infinity":36,"s:86:2:86:Infinity":37,"s:87:2:87:Infinity":38,"s:88:2:88:Infinity":39,"s:90:17:107:Infinity":40,"f:90:17:90:23":9,"s:91:10:91:Infinity":41,"s:92:22:92:Infinity":42,"s:94:21:104:Infinity":43,"f:94:39:94:Infinity":10,"s:95:6:103:Infinity":44,"f:95:25:95:Infinity":11,"s:96:8:102:Infinity":45,"s:106:4:106:Infinity":46,"s:109:28:114:Infinity":47,"f:109:28:109:34":12,"b:110:4:110:Infinity:undefined:undefined:undefined:undefined":13,"s:110:4:110:Infinity":48,"s:110:26:110:Infinity":49,"b:111:4:113:Infinity:undefined:undefined:undefined:undefined":14,"s:111:4:113:Infinity":50,"s:112:6:112:Infinity":51,"s:116:28:119:Infinity":52,"f:116:28:116:34":13,"s:117:4:117:Infinity":53,"s:118:4:118:Infinity":54,"s:121:2:121:Infinity":55,"s:122:2:122:Infinity":56,"s:123:2:123:Infinity":57,"s:124:2:124:Infinity":58,"s:126:17:156:Infinity":59,"f:126:17:126:18":14,"b:127:4:127:Infinity:undefined:undefined:undefined:undefined":15,"s:127:4:127:Infinity":60,"s:127:16:127:Infinity":61,"b:129:4:129:Infinity:undefined:undefined:undefined:undefined":16,"s:129:4:129:Infinity":62,"s:129:39:129:Infinity":63,"b:130:4:130:Infinity:undefined:undefined:undefined:undefined":17,"s:130:4:130:Infinity":64,"s:130:34:130:Infinity":65,"b:131:4:132:Infinity:undefined:undefined:undefined:undefined":18,"s:131:4:132:Infinity":66,"s:132:6:132:Infinity":67,"b:132:58:132:89:132:89:132:Infinity":19,"b:133:4:133:Infinity:undefined:undefined:undefined:undefined":20,"s:133:4:133:Infinity":68,"s:133:37:133:Infinity":69,"b:134:4:142:Infinity:undefined:undefined:undefined:undefined":21,"s:134:4:142:Infinity":70,"s:135:6:135:Infinity":71,"b:137:6:141:Infinity:139:6:141:Infinity":22,"s:137:6:141:Infinity":72,"s:138:8:138:Infinity":73,"b:139:6:141:Infinity:undefined:undefined:undefined:undefined":23,"s:139:6:141:Infinity":74,"s:140:8:140:Infinity":75,"b:143:4:146:Infinity:undefined:undefined:undefined:undefined":24,"s:143:4:146:Infinity":76,"s:144:6:144:Infinity":77,"b:144:31:144:57:144:57:144:Infinity":25,"s:145:6:145:Infinity":78,"b:145:26:145:52:145:52:145:Infinity":26,"b:147:4:147:Infinity:undefined:undefined:undefined:undefined":27,"s:147:4:147:Infinity":79,"s:147:35:147:Infinity":80,"b:148:4:148:Infinity:undefined:undefined:undefined:undefined":28,"s:148:4:148:Infinity":81,"s:148:38:148:Infinity":82,"b:149:4:149:Infinity:undefined:undefined:undefined:undefined":29,"s:149:4:149:Infinity":83,"s:149:34:149:Infinity":84,"s:151:4:151:Infinity":85,"s:152:4:152:Infinity":86,"b:153:4:155:Infinity:undefined:undefined:undefined:undefined":30,"s:153:4:155:Infinity":87,"s:154:6:154:Infinity":88,"s:158:18:163:Infinity":89,"f:158:18:158:24":15,"s:159:4:159:Infinity":90,"b:160:4:162:Infinity:undefined:undefined:undefined:undefined":31,"s:160:4:162:Infinity":91,"s:161:6:161:Infinity":92,"s:165:2:169:Infinity":93}}}
,"/home/alahaxe/projects/body-highlighter/src/component/metadata.ts": {"path":"/home/alahaxe/projects/body-highlighter/src/component/metadata.ts","statementMap":{"0":{"start":{"line":1,"column":26},"end":{"line":24,"column":null}},"1":{"start":{"line":28,"column":25},"end":{"line":31,"column":null}}},"fnMap":{},"branchMap":{},"s":{"0":2,"1":2},"f":{},"b":{},"meta":{"lastBranch":0,"lastFunction":0,"lastStatement":2,"seen":{"s:1:26:24:Infinity":0,"s:28:25:31:Infinity":1}}}
,"/home/alahaxe/projects/body-highlighter/src/constants/index.ts": {"path":"/home/alahaxe/projects/body-highlighter/src/constants/index.ts","statementMap":{"0":{"start":{"line":3,"column":64},"end":{"line":26,"column":null}},"1":{"start":{"line":28,"column":56},"end":{"line":70,"column":null}},"2":{"start":{"line":72,"column":34},"end":{"line":72,"column":null}},"3":{"start":{"line":73,"column":42},"end":{"line":73,"column":null}},"4":{"start":{"line":75,"column":34},"end":{"line":75,"column":null}}},"fnMap":{},"branchMap":{},"s":{"0":2,"1":2,"2":2,"3":2,"4":2},"f":{},"b":{},"meta":{"lastBranch":0,"lastFunction":0,"lastStatement":5,"seen":{"s:3:64:26:Infinity":0,"s:28:56:70:Infinity":1,"s:72:34:72:Infinity":2,"s:73:42:73:Infinity":3,"s:75:34:75:Infinity":4}}}
,"/home/alahaxe/projects/body-highlighter/src/utils/index.ts": {"path":"/home/alahaxe/projects/body-highlighter/src/utils/index.ts","statementMap":{"0":{"start":{"line":7,"column":22},"end":{"line":9,"column":null}},"1":{"start":{"line":8,"column":2},"end":{"line":8,"column":null}},"2":{"start":{"line":11,"column":22},"end":{"line":11,"column":null}},"3":{"start":{"line":13,"column":29},"end":{"line":38,"column":null}},"4":{"start":{"line":14,"column":2},"end":{"line":16,"column":null}},"5":{"start":{"line":15,"column":4},"end":{"line":15,"column":null}},"6":{"start":{"line":18,"column":2},"end":{"line":20,"column":null}},"7":{"start":{"line":19,"column":4},"end":{"line":19,"column":null}},"8":{"start":{"line":22,"column":24},"end":{"line":22,"column":null}},"9":{"start":{"line":24,"column":2},"end":{"line":26,"column":null}},"10":{"start":{"line":25,"column":4},"end":{"line":25,"column":null}},"11":{"start":{"line":28,"column":22},"end":{"line":28,"column":null}},"12":{"start":{"line":29,"column":2},"end":{"line":31,"column":null}},"13":{"start":{"line":30,"column":4},"end":{"line":30,"column":null}},"14":{"start":{"line":33,"column":2},"end":{"line":35,"column":null}},"15":{"start":{"line":34,"column":4},"end":{"line":34,"column":null}},"16":{"start":{"line":37,"column":2},"end":{"line":37,"column":null}},"17":{"start":{"line":40,"column":31},"end":{"line":42,"column":null}},"18":{"start":{"line":41,"column":2},"end":{"line":41,"column":null}},"19":{"start":{"line":47,"column":34},"end":{"line":59,"column":null}},"20":{"start":{"line":52,"column":20},"end":{"line":52,"column":null}},"21":{"start":{"line":54,"column":2},"end":{"line":56,"column":null}},"22":{"start":{"line":55,"column":4},"end":{"line":55,"column":null}},"23":{"start":{"line":58,"column":2},"end":{"line":58,"column":null}},"24":{"start":{"line":64,"column":30},"end":{"line":79,"column":null}},"25":{"start":{"line":65,"column":2},"end":{"line":78,"column":null}},"26":{"start":{"line":66,"column":4},"end":{"line":75,"column":null}},"27":{"start":{"line":67,"column":31},"end":{"line":67,"column":null}},"28":{"start":{"line":69,"column":6},"end":{"line":71,"column":null}},"29":{"start":{"line":70,"column":8},"end":{"line":70,"column":null}},"30":{"start":{"line":73,"column":6},"end":{"line":73,"column":null}},"31":{"start":{"line":74,"column":6},"end":{"line":74,"column":null}},"32":{"start":{"line":77,"column":4},"end":{"line":77,"column":null}}},"fnMap":{"0":{"name":"(anonymous_0)","decl":{"start":{"line":7,"column":22},"end":{"line":7,"column":26}},"loc":{"start":{"line":7,"column":70},"end":{"line":9,"column":null}},"line":7},"1":{"name":"(anonymous_1)","decl":{"start":{"line":13,"column":29},"end":{"line":13,"column":30}},"loc":{"start":{"line":13,"column":77},"end":{"line":38,"column":null}},"line":13},"2":{"name":"(anonymous_2)","decl":{"start":{"line":40,"column":31},"end":{"line":40,"column":32}},"loc":{"start":{"line":40,"column":79},"end":{"line":42,"column":null}},"line":40},"3":{"name":"(anonymous_3)","decl":{"start":{"line":47,"column":34},"end":{"line":47,"column":null}},"loc":{"start":{"line":51,"column":25},"end":{"line":59,"column":null}},"line":51},"4":{"name":"(anonymous_4)","decl":{"start":{"line":64,"column":30},"end":{"line":64,"column":31}},"loc":{"start":{"line":64,"column":86},"end":{"line":79,"column":null}},"line":64},"5":{"name":"(anonymous_5)","decl":{"start":{"line":65,"column":21},"end":{"line":65,"column":22}},"loc":{"start":{"line":65,"column":55},"end":{"line":78,"column":5}},"line":65}},"branchMap":{"0":{"loc":{"start":{"line":8,"column":9},"end":{"line":8,"column":null}},"type":"cond-expr","locations":[{"start":{"line":8,"column":25},"end":{"line":8,"column":39}},{"start":{"line":8,"column":39},"end":{"line":8,"column":null}}],"line":8},"1":{"loc":{"start":{"line":14,"column":2},"end":{"line":16,"column":null}},"type":"if","locations":[{"start":{"line":14,"column":2},"end":{"line":16,"column":null}},{"start":{},"end":{}}],"line":14},"2":{"loc":{"start":{"line":18,"column":2},"end":{"line":20,"column":null}},"type":"if","locations":[{"start":{"line":18,"column":2},"end":{"line":20,"column":null}},{"start":{},"end":{}}],"line":18},"3":{"loc":{"start":{"line":24,"column":2},"end":{"line":26,"column":null}},"type":"if","locations":[{"start":{"line":24,"column":2},"end":{"line":26,"column":null}},{"start":{},"end":{}}],"line":24},"4":{"loc":{"start":{"line":29,"column":2},"end":{"line":31,"column":null}},"type":"if","locations":[{"start":{"line":29,"column":2},"end":{"line":31,"column":null}},{"start":{},"end":{}}],"line":29},"5":{"loc":{"start":{"line":33,"column":2},"end":{"line":35,"column":null}},"type":"if","locations":[{"start":{"line":33,"column":2},"end":{"line":35,"column":null}},{"start":{},"end":{}}],"line":33},"6":{"loc":{"start":{"line":54,"column":2},"end":{"line":56,"column":null}},"type":"if","locations":[{"start":{"line":54,"column":2},"end":{"line":56,"column":null}},{"start":{},"end":{}}],"line":54},"7":{"loc":{"start":{"line":54,"column":6},"end":{"line":54,"column":44}},"type":"binary-expr","locations":[{"start":{"line":54,"column":6},"end":{"line":54,"column":27}},{"start":{"line":54,"column":27},"end":{"line":54,"column":44}}],"line":54},"8":{"loc":{"start":{"line":69,"column":6},"end":{"line":71,"column":null}},"type":"if","locations":[{"start":{"line":69,"column":6},"end":{"line":71,"column":null}},{"start":{},"end":{}}],"line":69},"9":{"loc":{"start":{"line":74,"column":41},"end":{"line":74,"column":null}},"type":"binary-expr","locations":[{"start":{"line":74,"column":41},"end":{"line":74,"column":63}},{"start":{"line":74,"column":63},"end":{"line":74,"column":null}}],"line":74}},"s":{"0":2,"1":135,"2":2,"3":2,"4":13,"5":7,"6":6,"7":0,"8":6,"9":6,"10":0,"11":6,"12":6,"13":3,"14":3,"15":1,"16":2,"17":2,"18":5,"19":2,"20":135,"21":135,"22":129,"23":6,"24":2,"25":5,"26":6,"27":8,"28":8,"29":1,"30":7,"31":7,"32":6},"f":{"0":135,"1":13,"2":5,"3":135,"4":5,"5":6},"b":{"0":[130,5],"1":[7,6],"2":[0,6],"3":[0,6],"4":[3,3],"5":[1,2],"6":[129,6],"7":[135,135],"8":[1,7],"9":[7,2]},"meta":{"lastBranch":10,"lastFunction":6,"lastStatement":33,"seen":{"s:7:22:9:Infinity":0,"f:7:22:7:26":0,"s:8:2:8:Infinity":1,"b:8:25:8:39:8:39:8:Infinity":0,"s:11:22:11:Infinity":2,"s:13:29:38:Infinity":3,"f:13:29:13:30":1,"b:14:2:16:Infinity:undefined:undefined:undefined:undefined":1,"s:14:2:16:Infinity":4,"s:15:4:15:Infinity":5,"b:18:2:20:Infinity:undefined:undefined:undefined:undefined":2,"s:18:2:20:Infinity":6,"s:19:4:19:Infinity":7,"s:22:24:22:Infinity":8,"b:24:2:26:Infinity:undefined:undefined:undefined:undefined":3,"s:24:2:26:Infinity":9,"s:25:4:25:Infinity":10,"s:28:22:28:Infinity":11,"b:29:2:31:Infinity:undefined:undefined:undefined:undefined":4,"s:29:2:31:Infinity":12,"s:30:4:30:Infinity":13,"b:33:2:35:Infinity:undefined:undefined:undefined:undefined":5,"s:33:2:35:Infinity":14,"s:34:4:34:Infinity":15,"s:37:2:37:Infinity":16,"s:40:31:42:Infinity":17,"f:40:31:40:32":2,"s:41:2:41:Infinity":18,"s:47:34:59:Infinity":19,"f:47:34:47:Infinity":3,"s:52:20:52:Infinity":20,"b:54:2:56:Infinity:undefined:undefined:undefined:undefined":6,"s:54:2:56:Infinity":21,"b:54:6:54:27:54:27:54:44":7,"s:55:4:55:Infinity":22,"s:58:2:58:Infinity":23,"s:64:30:79:Infinity":24,"f:64:30:64:31":4,"s:65:2:78:Infinity":25,"f:65:21:65:22":5,"s:66:4:75:Infinity":26,"s:67:31:67:Infinity":27,"b:69:6:71:Infinity:undefined:undefined:undefined:undefined":8,"s:69:6:71:Infinity":28,"s:70:8:70:Infinity":29,"s:73:6:73:Infinity":30,"s:74:6:74:Infinity":31,"b:74:41:74:63:74:63:74:Infinity":9,"s:77:4:77:Infinity":32}}}
}
