{"/home/alahaxe/projects/body-highlighter/src/index.ts": {"path":"/home/alahaxe/projects/body-highlighter/src/index.ts","statementMap":{"0":{"start":{"line":1,"column":0},"end":{"line":1,"column":37}},"1":{"start":{"line":2,"column":0},"end":{"line":2,"column":9}},"2":{"start":{"line":2,"column":9},"end":{"line":2,"column":68}},"3":{"start":{"line":3,"column":0},"end":{"line":3,"column":9}},"4":{"start":{"line":3,"column":9},"end":{"line":3,"column":41}},"5":{"start":{"line":4,"column":0},"end":{"line":4,"column":9}},"6":{"start":{"line":4,"column":9},"end":{"line":4,"column":42}}},"fnMap":{"0":{"name":"(anonymous_0)","decl":{"start":{"line":2,"column":9},"end":{"line":2,"column":30}},"loc":{"start":{"line":2,"column":9},"end":{"line":2,"column":68}}},"1":{"name":"(anonymous_1)","decl":{"start":{"line":3,"column":9},"end":{"line":3,"column":30}},"loc":{"start":{"line":3,"column":9},"end":{"line":3,"column":41}}},"2":{"name":"(anonymous_2)","decl":{"start":{"line":4,"column":9},"end":{"line":4,"column":24}},"loc":{"start":{"line":4,"column":9},"end":{"line":4,"column":42}}}},"branchMap":{},"s":{"0":1,"1":1,"2":1,"3":1,"4":4,"5":1,"6":1},"f":{"0":0,"1":3,"2":0},"b":{}}
,"/home/alahaxe/projects/body-highlighter/src/assets/index.ts": {"path":"/home/alahaxe/projects/body-highlighter/src/assets/index.ts","statementMap":{"0":{"start":{"line":1,"column":0},"end":{"line":1,"column":59}},"1":{"start":{"line":7,"column":13},"end":{"line":118,"column":2}},"2":{"start":{"line":120,"column":13},"end":{"line":236,"column":2}}},"fnMap":{},"branchMap":{},"s":{"0":1,"1":1,"2":1},"f":{},"b":{}}
,"/home/alahaxe/projects/body-highlighter/src/component/BodyHighlighter.ts": {"path":"/home/alahaxe/projects/body-highlighter/src/component/BodyHighlighter.ts","statementMap":{"0":{"start":{"line":1,"column":0},"end":{"line":1,"column":109}},"1":{"start":{"line":3,"column":0},"end":{"line":3,"column":56}},"2":{"start":{"line":4,"column":0},"end":{"line":4,"column":98}},"3":{"start":{"line":5,"column":0},"end":{"line":5,"column":70}},"4":{"start":{"line":7,"column":15},"end":{"line":7,"column":43}},"5":{"start":{"line":8,"column":30},"end":{"line":8,"column":43}},"6":{"start":{"line":16,"column":20},"end":{"line":17,"column":88}},"7":{"start":{"line":17,"column":2},"end":{"line":17,"column":88}},"8":{"start":{"line":17,"column":38},"end":{"line":17,"column":63}},"9":{"start":{"line":19,"column":26},"end":{"line":31,"column":1}},"10":{"start":{"line":20,"column":2},"end":{"line":20,"column":35}},"11":{"start":{"line":22,"column":2},"end":{"line":24,"column":3}},"12":{"start":{"line":23,"column":4},"end":{"line":23,"column":11}},"13":{"start":{"line":26,"column":2},"end":{"line":30,"column":3}},"14":{"start":{"line":27,"column":4},"end":{"line":27,"column":32}},"15":{"start":{"line":27,"column":23},"end":{"line":27,"column":32}},"16":{"start":{"line":29,"column":4},"end":{"line":29,"column":68}},"17":{"start":{"line":33,"column":20},"end":{"line":41,"column":1}},"18":{"start":{"line":34,"column":2},"end":{"line":36,"column":3}},"19":{"start":{"line":35,"column":4},"end":{"line":35,"column":42}},"20":{"start":{"line":38,"column":2},"end":{"line":40,"column":3}},"21":{"start":{"line":39,"column":4},"end":{"line":39,"column":29}},"22":{"start":{"line":43,"column":21},"end":{"line":53,"column":3}},"23":{"start":{"line":43,"column":80},"end":{"line":53,"column":3}},"24":{"start":{"line":55,"column":22},"end":{"line":55,"column":103}},"25":{"start":{"line":55,"column":44},"end":{"line":55,"column":102}},"26":{"start":{"line":57,"column":21},"end":{"line":76,"column":1}},"27":{"start":{"line":64,"column":18},"end":{"line":64,"column":61}},"28":{"start":{"line":65,"column":2},"end":{"line":65,"column":48}},"29":{"start":{"line":66,"column":2},"end":{"line":66,"column":35}},"30":{"start":{"line":67,"column":2},"end":{"line":67,"column":33}},"31":{"start":{"line":69,"column":2},"end":{"line":73,"column":3}},"32":{"start":{"line":70,"column":4},"end":{"line":72,"column":7}},"33":{"start":{"line":71,"column":6},"end":{"line":71,"column":52}},"34":{"start":{"line":75,"column":2},"end":{"line":75,"column":17}},"35":{"start":{"line":78,"column":37},"end":{"line":170,"column":1}},"36":{"start":{"line":79,"column":16},"end":{"line":79,"column":37}},"37":{"start":{"line":81,"column":18},"end":{"line":81,"column":47}},"38":{"start":{"line":82,"column":2},"end":{"line":82,"column":70}},"39":{"start":{"line":84,"column":14},"end":{"line":84,"column":53}},"40":{"start":{"line":85,"column":2},"end":{"line":85,"column":27}},"41":{"start":{"line":86,"column":2},"end":{"line":86,"column":36}},"42":{"start":{"line":87,"column":2},"end":{"line":87,"column":37}},"43":{"start":{"line":88,"column":2},"end":{"line":88,"column":45}},"44":{"start":{"line":90,"column":17},"end":{"line":107,"column":3}},"45":{"start":{"line":91,"column":23},"end":{"line":91,"column":54}},"46":{"start":{"line":92,"column":22},"end":{"line":92,"column":47}},"47":{"start":{"line":94,"column":21},"end":{"line":103,"column":null}},"48":{"start":{"line":95,"column":6},"end":{"line":102,"column":null}},"49":{"start":{"line":96,"column":8},"end":{"line":101,"column":null}},"50":{"start":{"line":106,"column":4},"end":{"line":106,"column":31}},"51":{"start":{"line":109,"column":28},"end":{"line":114,"column":3}},"52":{"start":{"line":110,"column":4},"end":{"line":110,"column":33}},"53":{"start":{"line":110,"column":26},"end":{"line":110,"column":33}},"54":{"start":{"line":111,"column":4},"end":{"line":113,"column":5}},"55":{"start":{"line":112,"column":6},"end":{"line":112,"column":43}},"56":{"start":{"line":116,"column":28},"end":{"line":119,"column":3}},"57":{"start":{"line":117,"column":4},"end":{"line":117,"column":44}},"58":{"start":{"line":118,"column":4},"end":{"line":118,"column":43}},"59":{"start":{"line":121,"column":2},"end":{"line":121,"column":27}},"60":{"start":{"line":122,"column":2},"end":{"line":122,"column":22}},"61":{"start":{"line":123,"column":2},"end":{"line":123,"column":11}},"62":{"start":{"line":124,"column":2},"end":{"line":124,"column":22}},"63":{"start":{"line":126,"column":17},"end":{"line":156,"column":3}},"64":{"start":{"line":127,"column":4},"end":{"line":127,"column":23}},"65":{"start":{"line":127,"column":16},"end":{"line":127,"column":23}},"66":{"start":{"line":129,"column":4},"end":{"line":129,"column":73}},"67":{"start":{"line":129,"column":39},"end":{"line":129,"column":73}},"68":{"start":{"line":130,"column":4},"end":{"line":130,"column":58}},"69":{"start":{"line":130,"column":34},"end":{"line":130,"column":58}},"70":{"start":{"line":131,"column":4},"end":{"line":132,"column":92}},"71":{"start":{"line":132,"column":6},"end":{"line":132,"column":92}},"72":{"start":{"line":133,"column":4},"end":{"line":133,"column":67}},"73":{"start":{"line":133,"column":37},"end":{"line":133,"column":67}},"74":{"start":{"line":134,"column":4},"end":{"line":142,"column":5}},"75":{"start":{"line":135,"column":6},"end":{"line":135,"column":40}},"76":{"start":{"line":137,"column":6},"end":{"line":141,"column":7}},"77":{"start":{"line":138,"column":8},"end":{"line":138,"column":28}},"78":{"start":{"line":139,"column":13},"end":{"line":141,"column":7}},"79":{"start":{"line":140,"column":8},"end":{"line":140,"column":48}},"80":{"start":{"line":143,"column":4},"end":{"line":146,"column":5}},"81":{"start":{"line":144,"column":6},"end":{"line":144,"column":79}},"82":{"start":{"line":145,"column":6},"end":{"line":145,"column":74}},"83":{"start":{"line":147,"column":4},"end":{"line":147,"column":61}},"84":{"start":{"line":147,"column":35},"end":{"line":147,"column":61}},"85":{"start":{"line":148,"column":4},"end":{"line":148,"column":70}},"86":{"start":{"line":148,"column":38},"end":{"line":148,"column":70}},"87":{"start":{"line":149,"column":4},"end":{"line":149,"column":58}},"88":{"start":{"line":149,"column":34},"end":{"line":149,"column":58}},"89":{"start":{"line":151,"column":4},"end":{"line":151,"column":24}},"90":{"start":{"line":152,"column":4},"end":{"line":152,"column":13}},"91":{"start":{"line":153,"column":4},"end":{"line":155,"column":5}},"92":{"start":{"line":154,"column":6},"end":{"line":154,"column":26}},"93":{"start":{"line":158,"column":18},"end":{"line":163,"column":3}},"94":{"start":{"line":159,"column":4},"end":{"line":159,"column":25}},"95":{"start":{"line":160,"column":4},"end":{"line":162,"column":5}},"96":{"start":{"line":161,"column":6},"end":{"line":161,"column":46}},"97":{"start":{"line":165,"column":2},"end":{"line":169,"column":4}},"98":{"start":{"line":78,"column":13},"end":{"line":78,"column":37}},"99":{"start":{"line":172,"column":0},"end":{"line":172,"column":37}}},"fnMap":{"0":{"name":"(anonymous_0)","decl":{"start":{"line":16,"column":20},"end":{"line":16,"column":21}},"loc":{"start":{"line":17,"column":2},"end":{"line":17,"column":88}}},"1":{"name":"(anonymous_1)","decl":{"start":{"line":17,"column":29},"end":{"line":17,"column":34}},"loc":{"start":{"line":17,"column":38},"end":{"line":17,"column":63}}},"2":{"name":"(anonymous_2)","decl":{"start":{"line":19,"column":26},"end":{"line":19,"column":27}},"loc":{"start":{"line":19,"column":85},"end":{"line":31,"column":1}}},"3":{"name":"(anonymous_3)","decl":{"start":{"line":33,"column":20},"end":{"line":33,"column":21}},"loc":{"start":{"line":33,"column":55},"end":{"line":41,"column":1}}},"4":{"name":"(anonymous_4)","decl":{"start":{"line":43,"column":21},"end":{"line":43,"column":22}},"loc":{"start":{"line":43,"column":79},"end":{"line":53,"column":3}}},"5":{"name":"(anonymous_5)","decl":{"start":{"line":55,"column":22},"end":{"line":55,"column":23}},"loc":{"start":{"line":55,"column":44},"end":{"line":55,"column":102}}},"6":{"name":"(anonymous_6)","decl":{"start":{"line":57,"column":21},"end":{"line":57,"column":null}},"loc":{"start":{"line":63,"column":4},"end":{"line":76,"column":1}}},"7":{"name":"(anonymous_7)","decl":{"start":{"line":70,"column":38},"end":{"line":70,"column":41}},"loc":{"start":{"line":70,"column":43},"end":{"line":72,"column":5}}},"8":{"name":"(anonymous_8)","decl":{"start":{"line":78,"column":37},"end":{"line":78,"column":38}},"loc":{"start":{"line":78,"column":99},"end":{"line":170,"column":1}}},"9":{"name":"(anonymous_9)","decl":{"start":{"line":90,"column":17},"end":{"line":90,"column":20}},"loc":{"start":{"line":90,"column":22},"end":{"line":107,"column":3}}},"10":{"name":"(anonymous_10)","decl":{"start":{"line":94,"column":39},"end":{"line":94,"column":43}},"loc":{"start":{"line":95,"column":6},"end":{"line":102,"column":null}}},"11":{"name":"(anonymous_11)","decl":{"start":{"line":95,"column":25},"end":{"line":95,"column":31}},"loc":{"start":{"line":96,"column":8},"end":{"line":101,"column":null}}},"12":{"name":"(anonymous_12)","decl":{"start":{"line":109,"column":28},"end":{"line":109,"column":31}},"loc":{"start":{"line":109,"column":33},"end":{"line":114,"column":3}}},"13":{"name":"(anonymous_13)","decl":{"start":{"line":116,"column":28},"end":{"line":116,"column":31}},"loc":{"start":{"line":116,"column":33},"end":{"line":119,"column":3}}},"14":{"name":"(anonymous_14)","decl":{"start":{"line":126,"column":17},"end":{"line":126,"column":18}},"loc":{"start":{"line":126,"column":60},"end":{"line":156,"column":3}}},"15":{"name":"(anonymous_15)","decl":{"start":{"line":158,"column":18},"end":{"line":158,"column":21}},"loc":{"start":{"line":158,"column":23},"end":{"line":163,"column":3}}}},"branchMap":{"0":{"loc":{"start":{"line":22,"column":2},"end":{"line":24,"column":3}},"type":"if","locations":[{"start":{"line":22,"column":2},"end":{"line":24,"column":3}}]},"1":{"loc":{"start":{"line":27,"column":4},"end":{"line":27,"column":32}},"type":"if","locations":[{"start":{"line":27,"column":4},"end":{"line":27,"column":32}}]},"2":{"loc":{"start":{"line":43,"column":22},"end":{"line":43,"column":58}},"type":"default-arg","locations":[{"start":{"line":43,"column":56},"end":{"line":43,"column":58}}]},"3":{"loc":{"start":{"line":44,"column":13},"end":{"line":44,"column":52}},"type":"cond-expr","locations":[{"start":{"line":44,"column":30},"end":{"line":44,"column":34}},{"start":{"line":44,"column":34},"end":{"line":44,"column":52}}]},"4":{"loc":{"start":{"line":44,"column":13},"end":{"line":44,"column":34}},"type":"binary-expr","locations":[{"start":{"line":44,"column":13},"end":{"line":44,"column":34}},{"start":{"line":44,"column":30},"end":{"line":44,"column":34}}]},"5":{"loc":{"start":{"line":45,"column":8},"end":{"line":45,"column":26}},"type":"cond-expr","locations":[{"start":{"line":45,"column":20},"end":{"line":45,"column":24}},{"start":{"line":45,"column":24},"end":{"line":45,"column":26}}]},"6":{"loc":{"start":{"line":45,"column":8},"end":{"line":45,"column":24}},"type":"binary-expr","locations":[{"start":{"line":45,"column":8},"end":{"line":45,"column":24}},{"start":{"line":45,"column":20},"end":{"line":45,"column":24}}]},"7":{"loc":{"start":{"line":46,"column":21},"end":{"line":46,"column":113}},"type":"cond-expr","locations":[{"start":{"line":46,"column":49},"end":{"line":46,"column":79}},{"start":{"line":46,"column":82},"end":{"line":46,"column":113}}]},"8":{"loc":{"start":{"line":48,"column":13},"end":{"line":48,"column":38}},"type":"cond-expr","locations":[{"start":{"line":48,"column":30},"end":{"line":48,"column":34}},{"start":{"line":48,"column":34},"end":{"line":48,"column":38}}]},"9":{"loc":{"start":{"line":48,"column":13},"end":{"line":48,"column":34}},"type":"binary-expr","locations":[{"start":{"line":48,"column":13},"end":{"line":48,"column":34}},{"start":{"line":48,"column":30},"end":{"line":48,"column":34}}]},"10":{"loc":{"start":{"line":49,"column":20},"end":{"line":49,"column":69}},"type":"cond-expr","locations":[{"start":{"line":49,"column":44},"end":{"line":49,"column":48}},{"start":{"line":49,"column":48},"end":{"line":49,"column":69}}]},"11":{"loc":{"start":{"line":49,"column":20},"end":{"line":49,"column":48}},"type":"binary-expr","locations":[{"start":{"line":49,"column":20},"end":{"line":49,"column":48}},{"start":{"line":49,"column":44},"end":{"line":49,"column":48}}]},"12":{"loc":{"start":{"line":52,"column":8},"end":{"line":52,"column":42}},"type":"cond-expr","locations":[{"start":{"line":52,"column":20},"end":{"line":52,"column":24}},{"start":{"line":52,"column":24},"end":{"line":52,"column":42}}]},"13":{"loc":{"start":{"line":52,"column":8},"end":{"line":52,"column":24}},"type":"binary-expr","locations":[{"start":{"line":52,"column":8},"end":{"line":52,"column":24}},{"start":{"line":52,"column":20},"end":{"line":52,"column":24}}]},"14":{"loc":{"start":{"line":55,"column":44},"end":{"line":55,"column":102}},"type":"cond-expr","locations":[{"start":{"line":55,"column":74},"end":{"line":55,"column":86}},{"start":{"line":55,"column":89},"end":{"line":55,"column":102}}]},"15":{"loc":{"start":{"line":69,"column":2},"end":{"line":73,"column":3}},"type":"if","locations":[{"start":{"line":69,"column":2},"end":{"line":73,"column":3}}]},"16":{"loc":{"start":{"line":69,"column":6},"end":{"line":69,"column":27}},"type":"binary-expr","locations":[{"start":{"line":69,"column":6},"end":{"line":69,"column":13}},{"start":{"line":69,"column":17},"end":{"line":69,"column":27}}]},"17":{"loc":{"start":{"line":82,"column":22},"end":{"line":82,"column":69}},"type":"binary-expr","locations":[{"start":{"line":82,"column":22},"end":{"line":82,"column":44}},{"start":{"line":82,"column":48},"end":{"line":82,"column":69}}]},"18":{"loc":{"start":{"line":110,"column":4},"end":{"line":110,"column":33}},"type":"if","locations":[{"start":{"line":110,"column":4},"end":{"line":110,"column":33}}]},"19":{"loc":{"start":{"line":111,"column":4},"end":{"line":113,"column":5}},"type":"if","locations":[{"start":{"line":111,"column":4},"end":{"line":113,"column":5}}]},"20":{"loc":{"start":{"line":127,"column":4},"end":{"line":127,"column":23}},"type":"if","locations":[{"start":{"line":127,"column":4},"end":{"line":127,"column":23}}]},"21":{"loc":{"start":{"line":129,"column":4},"end":{"line":129,"column":73}},"type":"if","locations":[{"start":{"line":129,"column":4},"end":{"line":129,"column":73}}]},"22":{"loc":{"start":{"line":130,"column":4},"end":{"line":130,"column":58}},"type":"if","locations":[{"start":{"line":130,"column":4},"end":{"line":130,"column":58}}]},"23":{"loc":{"start":{"line":131,"column":4},"end":{"line":132,"column":92}},"type":"if","locations":[{"start":{"line":131,"column":4},"end":{"line":132,"column":92}}]},"24":{"loc":{"start":{"line":132,"column":32},"end":{"line":132,"column":91}},"type":"cond-expr","locations":[{"start":{"line":132,"column":58},"end":{"line":132,"column":86}},{"start":{"line":132,"column":89},"end":{"line":132,"column":91}}]},"25":{"loc":{"start":{"line":133,"column":4},"end":{"line":133,"column":67}},"type":"if","locations":[{"start":{"line":133,"column":4},"end":{"line":133,"column":67}}]},"26":{"loc":{"start":{"line":134,"column":4},"end":{"line":142,"column":5}},"type":"if","locations":[{"start":{"line":134,"column":4},"end":{"line":142,"column":5}}]},"27":{"loc":{"start":{"line":137,"column":6},"end":{"line":141,"column":7}},"type":"if","locations":[{"start":{"line":137,"column":6},"end":{"line":141,"column":7}},{"start":{"line":139,"column":13},"end":{"line":141,"column":7}}]},"28":{"loc":{"start":{"line":139,"column":13},"end":{"line":141,"column":7}},"type":"if","locations":[{"start":{"line":139,"column":13},"end":{"line":141,"column":7}}]},"29":{"loc":{"start":{"line":143,"column":4},"end":{"line":146,"column":5}},"type":"if","locations":[{"start":{"line":143,"column":4},"end":{"line":146,"column":5}}]},"30":{"loc":{"start":{"line":144,"column":31},"end":{"line":144,"column":78}},"type":"cond-expr","locations":[{"start":{"line":144,"column":53},"end":{"line":144,"column":57}},{"start":{"line":144,"column":57},"end":{"line":144,"column":78}}]},"31":{"loc":{"start":{"line":144,"column":31},"end":{"line":144,"column":57}},"type":"binary-expr","locations":[{"start":{"line":144,"column":31},"end":{"line":144,"column":57}},{"start":{"line":144,"column":53},"end":{"line":144,"column":57}}]},"32":{"loc":{"start":{"line":145,"column":26},"end":{"line":145,"column":73}},"type":"binary-expr","locations":[{"start":{"line":145,"column":26},"end":{"line":145,"column":48}},{"start":{"line":145,"column":52},"end":{"line":145,"column":73}}]},"33":{"loc":{"start":{"line":147,"column":4},"end":{"line":147,"column":61}},"type":"if","locations":[{"start":{"line":147,"column":4},"end":{"line":147,"column":61}}]},"34":{"loc":{"start":{"line":148,"column":4},"end":{"line":148,"column":70}},"type":"if","locations":[{"start":{"line":148,"column":4},"end":{"line":148,"column":70}}]},"35":{"loc":{"start":{"line":149,"column":4},"end":{"line":149,"column":58}},"type":"if","locations":[{"start":{"line":149,"column":4},"end":{"line":149,"column":58}}]},"36":{"loc":{"start":{"line":153,"column":4},"end":{"line":155,"column":5}},"type":"if","locations":[{"start":{"line":153,"column":4},"end":{"line":155,"column":5}}]},"37":{"loc":{"start":{"line":160,"column":4},"end":{"line":162,"column":5}},"type":"if","locations":[{"start":{"line":160,"column":4},"end":{"line":162,"column":5}}]}},"s":{"0":1,"1":1,"2":1,"3":1,"4":1,"5":1,"6":1,"7":0,"8":0,"9":1,"10":8,"11":8,"12":8,"13":0,"14":0,"15":0,"16":0,"17":1,"18":7,"19":132,"20":7,"21":132,"22":1,"23":3,"24":1,"25":4,"26":1,"27":132,"28":132,"29":132,"30":132,"31":132,"32":33,"33":1,"34":132,"35":1,"36":3,"37":3,"38":3,"39":3,"40":3,"41":3,"42":3,"43":3,"44":3,"45":4,"46":4,"47":4,"48":52,"49":132,"50":4,"51":3,"52":3,"53":2,"54":1,"55":1,"56":3,"57":4,"58":4,"59":3,"60":3,"61":3,"62":3,"63":3,"64":1,"65":0,"66":1,"67":0,"68":1,"69":1,"70":1,"71":1,"72":1,"73":0,"74":1,"75":0,"76":0,"77":0,"78":0,"79":0,"80":1,"81":0,"82":0,"83":1,"84":0,"85":1,"86":0,"87":1,"88":0,"89":1,"90":1,"91":1,"92":0,"93":3,"94":3,"95":3,"96":1,"97":3,"98":1,"99":1},"f":{"0":0,"1":0,"2":8,"3":7,"4":3,"5":4,"6":132,"7":1,"8":3,"9":4,"10":52,"11":132,"12":3,"13":4,"14":1,"15":3},"b":{"0":[8],"1":[0],"2":[0],"3":[1,2],"4":[3,3],"5":[1,2],"6":[3,3],"7":[1,2],"8":[1,2],"9":[3,3],"10":[0,3],"11":[3,3],"12":[0,3],"13":[3,3],"14":[4,0],"15":[33],"16":[132,33],"17":[3,0],"18":[2],"19":[1],"20":[0],"21":[0],"22":[1],"23":[1],"24":[1,0],"25":[0],"26":[0],"27":[0,0],"28":[0],"29":[0],"30":[0,0],"31":[0,0],"32":[0,0],"33":[0],"34":[0],"35":[0],"36":[0],"37":[1]}}
,"/home/alahaxe/projects/body-highlighter/src/component/metadata.ts": {"path":"/home/alahaxe/projects/body-highlighter/src/component/metadata.ts","statementMap":{"0":{"start":{"line":1,"column":13},"end":{"line":24,"column":11}},"1":{"start":{"line":28,"column":13},"end":{"line":31,"column":11}}},"fnMap":{},"branchMap":{},"s":{"0":2,"1":2},"f":{},"b":{}}
,"/home/alahaxe/projects/body-highlighter/src/constants/index.ts": {"path":"/home/alahaxe/projects/body-highlighter/src/constants/index.ts","statementMap":{"0":{"start":{"line":1,"column":0},"end":{"line":1,"column":83}},"1":{"start":{"line":3,"column":13},"end":{"line":26,"column":2}},"2":{"start":{"line":28,"column":13},"end":{"line":70,"column":11}},"3":{"start":{"line":72,"column":13},"end":{"line":72,"column":44}},"4":{"start":{"line":73,"column":13},"end":{"line":73,"column":65}},"5":{"start":{"line":75,"column":13},"end":{"line":75,"column":53}}},"fnMap":{},"branchMap":{},"s":{"0":2,"1":2,"2":2,"3":2,"4":2,"5":2},"f":{},"b":{}}
,"/home/alahaxe/projects/body-highlighter/src/utils/index.ts": {"path":"/home/alahaxe/projects/body-highlighter/src/utils/index.ts","statementMap":{"0":{"start":{"line":1,"column":0},"end":{"line":1,"column":87}},"1":{"start":{"line":2,"column":0},"end":{"line":2,"column":69}},"2":{"start":{"line":7,"column":22},"end":{"line":9,"column":1}},"3":{"start":{"line":8,"column":2},"end":{"line":8,"column":45}},"4":{"start":{"line":7,"column":13},"end":{"line":7,"column":22}},"5":{"start":{"line":11,"column":22},"end":{"line":11,"column":76}},"6":{"start":{"line":13,"column":29},"end":{"line":38,"column":1}},"7":{"start":{"line":14,"column":2},"end":{"line":16,"column":3}},"8":{"start":{"line":15,"column":4},"end":{"line":15,"column":27}},"9":{"start":{"line":18,"column":2},"end":{"line":20,"column":3}},"10":{"start":{"line":19,"column":4},"end":{"line":19,"column":21}},"11":{"start":{"line":22,"column":24},"end":{"line":22,"column":50}},"12":{"start":{"line":24,"column":2},"end":{"line":26,"column":3}},"13":{"start":{"line":25,"column":4},"end":{"line":25,"column":21}},"14":{"start":{"line":28,"column":22},"end":{"line":28,"column":53}},"15":{"start":{"line":29,"column":2},"end":{"line":31,"column":3}},"16":{"start":{"line":30,"column":4},"end":{"line":30,"column":23}},"17":{"start":{"line":33,"column":2},"end":{"line":35,"column":3}},"18":{"start":{"line":34,"column":4},"end":{"line":34,"column":35}},"19":{"start":{"line":37,"column":2},"end":{"line":37,"column":19}},"20":{"start":{"line":40,"column":31},"end":{"line":42,"column":1}},"21":{"start":{"line":41,"column":2},"end":{"line":41,"column":37}},"22":{"start":{"line":40,"column":13},"end":{"line":40,"column":31}},"23":{"start":{"line":47,"column":34},"end":{"line":59,"column":1}},"24":{"start":{"line":52,"column":20},"end":{"line":52,"column":50}},"25":{"start":{"line":54,"column":2},"end":{"line":56,"column":3}},"26":{"start":{"line":55,"column":4},"end":{"line":55,"column":21}},"27":{"start":{"line":58,"column":2},"end":{"line":58,"column":82}},"28":{"start":{"line":47,"column":13},"end":{"line":47,"column":34}},"29":{"start":{"line":64,"column":30},"end":{"line":79,"column":1}},"30":{"start":{"line":65,"column":2},"end":{"line":78,"column":54}},"31":{"start":{"line":66,"column":4},"end":{"line":75,"column":5}},"32":{"start":{"line":67,"column":31},"end":{"line":67,"column":59}},"33":{"start":{"line":69,"column":6},"end":{"line":71,"column":7}},"34":{"start":{"line":70,"column":8},"end":{"line":70,"column":17}},"35":{"start":{"line":73,"column":6},"end":{"line":73,"column":92}},"36":{"start":{"line":74,"column":6},"end":{"line":74,"column":65}},"37":{"start":{"line":77,"column":4},"end":{"line":77,"column":15}},"38":{"start":{"line":64,"column":13},"end":{"line":64,"column":30}}},"fnMap":{"0":{"name":"(anonymous_0)","decl":{"start":{"line":7,"column":22},"end":{"line":7,"column":26}},"loc":{"start":{"line":7,"column":69},"end":{"line":9,"column":1}}},"1":{"name":"(anonymous_1)","decl":{"start":{"line":13,"column":29},"end":{"line":13,"column":30}},"loc":{"start":{"line":13,"column":76},"end":{"line":38,"column":1}}},"2":{"name":"(anonymous_2)","decl":{"start":{"line":40,"column":31},"end":{"line":40,"column":32}},"loc":{"start":{"line":40,"column":78},"end":{"line":42,"column":1}}},"3":{"name":"(anonymous_3)","decl":{"start":{"line":47,"column":34},"end":{"line":47,"column":null}},"loc":{"start":{"line":51,"column":24},"end":{"line":59,"column":1}}},"4":{"name":"(anonymous_4)","decl":{"start":{"line":64,"column":30},"end":{"line":64,"column":31}},"loc":{"start":{"line":64,"column":85},"end":{"line":79,"column":1}}},"5":{"name":"(anonymous_5)","decl":{"start":{"line":65,"column":21},"end":{"line":65,"column":22}},"loc":{"start":{"line":65,"column":54},"end":{"line":78,"column":3}}}},"branchMap":{"0":{"loc":{"start":{"line":8,"column":9},"end":{"line":8,"column":44}},"type":"cond-expr","locations":[{"start":{"line":8,"column":25},"end":{"line":8,"column":36}},{"start":{"line":8,"column":39},"end":{"line":8,"column":44}}]},"1":{"loc":{"start":{"line":14,"column":2},"end":{"line":16,"column":3}},"type":"if","locations":[{"start":{"line":14,"column":2},"end":{"line":16,"column":3}}]},"2":{"loc":{"start":{"line":18,"column":2},"end":{"line":20,"column":3}},"type":"if","locations":[{"start":{"line":18,"column":2},"end":{"line":20,"column":3}}]},"3":{"loc":{"start":{"line":24,"column":2},"end":{"line":26,"column":3}},"type":"if","locations":[{"start":{"line":24,"column":2},"end":{"line":26,"column":3}}]},"4":{"loc":{"start":{"line":29,"column":2},"end":{"line":31,"column":3}},"type":"if","locations":[{"start":{"line":29,"column":2},"end":{"line":31,"column":3}}]},"5":{"loc":{"start":{"line":33,"column":2},"end":{"line":35,"column":3}},"type":"if","locations":[{"start":{"line":33,"column":2},"end":{"line":35,"column":3}}]},"6":{"loc":{"start":{"line":52,"column":20},"end":{"line":52,"column":50}},"type":"cond-expr","locations":[{"start":{"line":52,"column":39},"end":{"line":52,"column":41}},{"start":{"line":52,"column":39},"end":{"line":52,"column":50}}]},"7":{"loc":{"start":{"line":52,"column":20},"end":{"line":52,"column":41}},"type":"binary-expr","locations":[{"start":{"line":52,"column":20},"end":{"line":52,"column":41}},{"start":{"line":52,"column":39},"end":{"line":52,"column":41}}]},"8":{"loc":{"start":{"line":54,"column":2},"end":{"line":56,"column":3}},"type":"if","locations":[{"start":{"line":54,"column":2},"end":{"line":56,"column":3}}]},"9":{"loc":{"start":{"line":54,"column":6},"end":{"line":54,"column":42}},"type":"binary-expr","locations":[{"start":{"line":54,"column":6},"end":{"line":54,"column":23}},{"start":{"line":54,"column":27},"end":{"line":54,"column":42}}]},"10":{"loc":{"start":{"line":69,"column":6},"end":{"line":71,"column":7}},"type":"if","locations":[{"start":{"line":69,"column":6},"end":{"line":71,"column":7}}]},"11":{"loc":{"start":{"line":74,"column":41},"end":{"line":74,"column":64}},"type":"binary-expr","locations":[{"start":{"line":74,"column":41},"end":{"line":74,"column":59}},{"start":{"line":74,"column":63},"end":{"line":74,"column":64}}]}},"s":{"0":2,"1":2,"2":2,"3":135,"4":2,"5":2,"6":2,"7":13,"8":7,"9":6,"10":0,"11":6,"12":6,"13":0,"14":6,"15":6,"16":3,"17":3,"18":1,"19":2,"20":2,"21":5,"22":2,"23":2,"24":135,"25":135,"26":129,"27":6,"28":2,"29":2,"30":5,"31":6,"32":8,"33":8,"34":1,"35":7,"36":7,"37":6,"38":2},"f":{"0":135,"1":13,"2":5,"3":135,"4":5,"5":6},"b":{"0":[130,5],"1":[7],"2":[0],"3":[0],"4":[3],"5":[1],"6":[0,135],"7":[135,135],"8":[129],"9":[135,135],"10":[1],"11":[7,2]}}
}
