TN:
SF:src/index.ts
FN:2,(anonymous_0)
FN:3,(anonymous_1)
FN:4,(anonymous_2)
FNF:3
FNH:1
FNDA:0,(anonymous_0)
FNDA:3,(anonymous_1)
FNDA:0,(anonymous_2)
DA:1,1
DA:2,1
DA:3,4
DA:4,1
LF:4
LH:4
BRF:0
BRH:0
end_of_record
TN:
SF:src/assets/index.ts
FNF:0
FNH:0
DA:1,1
DA:7,1
DA:120,1
LF:3
LH:3
BRF:0
BRH:0
end_of_record
TN:
SF:src/component/BodyHighlighter.ts
FN:16,(anonymous_0)
FN:17,(anonymous_1)
FN:19,(anonymous_2)
FN:33,(anonymous_3)
FN:43,(anonymous_4)
FN:55,(anonymous_5)
FN:57,(anonymous_6)
FN:70,(anonymous_7)
FN:78,(anonymous_8)
FN:90,(anonymous_9)
FN:94,(anonymous_10)
FN:95,(anonymous_11)
FN:109,(anonymous_12)
FN:116,(anonymous_13)
FN:126,(anonymous_14)
FN:158,(anonymous_15)
FNF:16
FNH:14
FNDA:0,(anonymous_0)
FNDA:0,(anonymous_1)
FNDA:8,(anonymous_2)
FNDA:7,(anonymous_3)
FNDA:3,(anonymous_4)
FNDA:4,(anonymous_5)
FNDA:132,(anonymous_6)
FNDA:1,(anonymous_7)
FNDA:3,(anonymous_8)
FNDA:4,(anonymous_9)
FNDA:52,(anonymous_10)
FNDA:132,(anonymous_11)
FNDA:3,(anonymous_12)
FNDA:4,(anonymous_13)
FNDA:1,(anonymous_14)
FNDA:3,(anonymous_15)
DA:1,1
DA:3,1
DA:4,1
DA:5,1
DA:7,1
DA:8,1
DA:16,1
DA:17,0
DA:19,1
DA:20,8
DA:22,8
DA:23,8
DA:26,0
DA:27,0
DA:29,0
DA:33,1
DA:34,7
DA:35,132
DA:38,7
DA:39,132
DA:43,3
DA:55,4
DA:57,1
DA:64,132
DA:65,132
DA:66,132
DA:67,132
DA:69,132
DA:70,33
DA:71,1
DA:75,132
DA:78,1
DA:79,3
DA:81,3
DA:82,3
DA:84,3
DA:85,3
DA:86,3
DA:87,3
DA:88,3
DA:90,3
DA:91,4
DA:92,4
DA:94,4
DA:95,52
DA:96,132
DA:106,4
DA:109,3
DA:110,3
DA:111,1
DA:112,1
DA:116,3
DA:117,4
DA:118,4
DA:121,3
DA:122,3
DA:123,3
DA:124,3
DA:126,3
DA:127,1
DA:129,1
DA:130,1
DA:131,1
DA:132,1
DA:133,1
DA:134,1
DA:135,0
DA:137,0
DA:138,0
DA:139,0
DA:140,0
DA:143,1
DA:144,0
DA:145,0
DA:147,1
DA:148,1
DA:149,1
DA:151,1
DA:152,1
DA:153,1
DA:154,0
DA:158,3
DA:159,3
DA:160,3
DA:161,1
DA:165,3
DA:172,1
LF:87
LH:75
BRDA:22,0,0,8
BRDA:27,1,0,0
BRDA:43,2,0,0
BRDA:44,3,0,1
BRDA:44,3,1,2
BRDA:44,4,0,3
BRDA:44,4,1,3
BRDA:45,5,0,1
BRDA:45,5,1,2
BRDA:45,6,0,3
BRDA:45,6,1,3
BRDA:46,7,0,1
BRDA:46,7,1,2
BRDA:48,8,0,1
BRDA:48,8,1,2
BRDA:48,9,0,3
BRDA:48,9,1,3
BRDA:49,10,0,0
BRDA:49,10,1,3
BRDA:49,11,0,3
BRDA:49,11,1,3
BRDA:52,12,0,0
BRDA:52,12,1,3
BRDA:52,13,0,3
BRDA:52,13,1,3
BRDA:55,14,0,4
BRDA:55,14,1,0
BRDA:69,15,0,33
BRDA:69,16,0,132
BRDA:69,16,1,33
BRDA:82,17,0,3
BRDA:82,17,1,0
BRDA:110,18,0,2
BRDA:111,19,0,1
BRDA:127,20,0,0
BRDA:129,21,0,0
BRDA:130,22,0,1
BRDA:131,23,0,1
BRDA:132,24,0,1
BRDA:132,24,1,0
BRDA:133,25,0,0
BRDA:134,26,0,0
BRDA:137,27,0,0
BRDA:137,27,1,0
BRDA:139,28,0,0
BRDA:143,29,0,0
BRDA:144,30,0,0
BRDA:144,30,1,0
BRDA:144,31,0,0
BRDA:144,31,1,0
BRDA:145,32,0,0
BRDA:145,32,1,0
BRDA:147,33,0,0
BRDA:148,34,0,0
BRDA:149,35,0,0
BRDA:153,36,0,0
BRDA:160,37,0,1
BRF:57
BRH:32
end_of_record
TN:
SF:src/component/metadata.ts
FNF:0
FNH:0
DA:1,2
DA:28,2
LF:2
LH:2
BRF:0
BRH:0
end_of_record
TN:
SF:src/constants/index.ts
FNF:0
FNH:0
DA:1,2
DA:3,2
DA:28,2
DA:72,2
DA:73,2
DA:75,2
LF:6
LH:6
BRF:0
BRH:0
end_of_record
TN:
SF:src/utils/index.ts
FN:7,(anonymous_0)
FN:13,(anonymous_1)
FN:40,(anonymous_2)
FN:47,(anonymous_3)
FN:64,(anonymous_4)
FN:65,(anonymous_5)
FNF:6
FNH:6
FNDA:135,(anonymous_0)
FNDA:13,(anonymous_1)
FNDA:5,(anonymous_2)
FNDA:135,(anonymous_3)
FNDA:5,(anonymous_4)
FNDA:6,(anonymous_5)
DA:1,2
DA:2,2
DA:7,2
DA:8,135
DA:11,2
DA:13,2
DA:14,13
DA:15,7
DA:18,6
DA:19,0
DA:22,6
DA:24,6
DA:25,0
DA:28,6
DA:29,6
DA:30,3
DA:33,3
DA:34,1
DA:37,2
DA:40,2
DA:41,5
DA:47,2
DA:52,135
DA:54,135
DA:55,129
DA:58,6
DA:64,2
DA:65,5
DA:66,6
DA:67,8
DA:69,8
DA:70,1
DA:73,7
DA:74,7
DA:77,6
LF:35
LH:33
BRDA:8,0,0,130
BRDA:8,0,1,5
BRDA:14,1,0,7
BRDA:18,2,0,0
BRDA:24,3,0,0
BRDA:29,4,0,3
BRDA:33,5,0,1
BRDA:52,6,0,0
BRDA:52,6,1,135
BRDA:52,7,0,135
BRDA:52,7,1,135
BRDA:54,8,0,129
BRDA:54,9,0,135
BRDA:54,9,1,135
BRDA:69,10,0,1
BRDA:74,11,0,7
BRDA:74,11,1,2
BRF:17
BRH:14
end_of_record
